<?xml version="1.0" encoding="UTF-8"?>
<!-- Generated by org.testng.reporters.JUnitReportReporter -->
<testsuite hostname="LAPTOP-UJVGA3VP" failures="0" tests="7" name="com.techademy.maven.testng.techademy_assignment.AutomationAnywhere" time="12.023" errors="0" timestamp="2025-02-05T03:25:12 GMT" skipped="1">
  <testcase classname="com.techademy.maven.testng.techademy_assignment.AutomationAnywhere" name="validate_presence_of_logo" time="1.339"/>
  <testcase classname="com.techademy.maven.testng.techademy_assignment.AutomationAnywhere" name="validate_RequestDemo" time="0.137"/>
  <testcase classname="com.techademy.maven.testng.techademy_assignment.AutomationAnywhere" name="validate_Products" time="2.663"/>
  <testcase classname="com.techademy.maven.testng.techademy_assignment.AutomationAnywhere" name="validate_Solutions" time="2.507"/>
  <testcase classname="com.techademy.maven.testng.techademy_assignment.AutomationAnywhere" name="validate_Resources" time="2.898"/>
  <testcase classname="com.techademy.maven.testng.techademy_assignment.AutomationAnywhere" name="validate_Company" time="2.479"/>
  <testcase classname="com.techademy.maven.testng.techademy_assignment.AutomationAnywhere" name="validate_BeyondRPA">
    <skipped/>
  </testcase> <!-- validate_BeyondRPA -->
</testsuite> <!-- com.techademy.maven.testng.techademy_assignment.AutomationAnywhere -->
